{"C:\\Users\\mrek8\\Projekty\\Apps\\sauron\\modules\\appData.js": {"path":"C:\\Users\\mrek8\\Projekty\\Apps\\sauron\\modules\\appData.js","statementMap":{"0":{"start":{"line":9,"column":22},"end":{"line":23,"column":1}},"1":{"start":{"line":10,"column":4},"end":{"line":22,"column":6}},"2":{"start":{"line":30,"column":25},"end":{"line":37,"column":1}},"3":{"start":{"line":31,"column":18},"end":{"line":31,"column":27}},"4":{"start":{"line":32,"column":4},"end":{"line":32,"column":57}},"5":{"start":{"line":33,"column":4},"end":{"line":33,"column":61}},"6":{"start":{"line":34,"column":4},"end":{"line":34,"column":57}},"7":{"start":{"line":36,"column":4},"end":{"line":36,"column":19}},"8":{"start":{"line":39,"column":0},"end":{"line":42,"column":2}}},"fnMap":{"0":{"name":"(anonymous_0)","decl":{"start":{"line":9,"column":22},"end":{"line":9,"column":23}},"loc":{"start":{"line":9,"column":67},"end":{"line":23,"column":1}},"line":9},"1":{"name":"(anonymous_1)","decl":{"start":{"line":30,"column":25},"end":{"line":30,"column":26}},"loc":{"start":{"line":30,"column":40},"end":{"line":37,"column":1}},"line":30}},"branchMap":{"0":{"loc":{"start":{"line":17,"column":22},"end":{"line":17,"column":78}},"type":"cond-expr","locations":[{"start":{"line":17,"column":33},"end":{"line":17,"column":59}},{"start":{"line":17,"column":62},"end":{"line":17,"column":78}}],"line":17},"1":{"loc":{"start":{"line":21,"column":20},"end":{"line":21,"column":37}},"type":"binary-expr","locations":[{"start":{"line":21,"column":20},"end":{"line":21,"column":31}},{"start":{"line":21,"column":35},"end":{"line":21,"column":37}}],"line":21}},"s":{"0":1,"1":2,"2":1,"3":1,"4":1,"5":1,"6":1,"7":1,"8":1},"f":{"0":2,"1":1},"b":{"0":[1,1],"1":[2,1]},"_coverageSchema":"1a1c01bbd47fc00a2c39e90264f33305004495a9","hash":"a125a47e36cbb5fddf887a0638f9f9e349c6a1bc"}
,"C:\\Users\\mrek8\\Projekty\\Apps\\sauron\\modules\\crawling.js": {"path":"C:\\Users\\mrek8\\Projekty\\Apps\\sauron\\modules\\crawling.js","statementMap":{"0":{"start":{"line":1,"column":15},"end":{"line":1,"column":32}},"1":{"start":{"line":2,"column":16},"end":{"line":2,"column":64}},"2":{"start":{"line":3,"column":14},"end":{"line":3,"column":37}},"3":{"start":{"line":4,"column":16},"end":{"line":4,"column":34}},"4":{"start":{"line":5,"column":12},"end":{"line":5,"column":32}},"5":{"start":{"line":6,"column":12},"end":{"line":6,"column":32}},"6":{"start":{"line":8,"column":12},"end":{"line":348,"column":1}},"7":{"start":{"line":12,"column":28},"end":{"line":12,"column":33}},"8":{"start":{"line":14,"column":8},"end":{"line":68,"column":11}},"9":{"start":{"line":15,"column":12},"end":{"line":67,"column":19}},"10":{"start":{"line":17,"column":20},"end":{"line":17,"column":44}},"11":{"start":{"line":20,"column":20},"end":{"line":20,"column":41}},"12":{"start":{"line":21,"column":20},"end":{"line":21,"column":44}},"13":{"start":{"line":25,"column":35},"end":{"line":25,"column":107}},"14":{"start":{"line":28,"column":20},"end":{"line":30,"column":21}},"15":{"start":{"line":29,"column":24},"end":{"line":29,"column":101}},"16":{"start":{"line":33,"column":20},"end":{"line":35,"column":21}},"17":{"start":{"line":34,"column":24},"end":{"line":34,"column":63}},"18":{"start":{"line":38,"column":20},"end":{"line":38,"column":54}},"19":{"start":{"line":41,"column":20},"end":{"line":46,"column":21}},"20":{"start":{"line":43,"column":24},"end":{"line":45,"column":26}},"21":{"start":{"line":44,"column":28},"end":{"line":44,"column":57}},"22":{"start":{"line":49,"column":20},"end":{"line":49,"column":57}},"23":{"start":{"line":52,"column":20},"end":{"line":52,"column":49}},"24":{"start":{"line":55,"column":35},"end":{"line":55,"column":58}},"25":{"start":{"line":56,"column":32},"end":{"line":56,"column":87}},"26":{"start":{"line":57,"column":34},"end":{"line":57,"column":78}},"27":{"start":{"line":58,"column":20},"end":{"line":58,"column":128}},"28":{"start":{"line":61,"column":20},"end":{"line":63,"column":21}},"29":{"start":{"line":62,"column":24},"end":{"line":62,"column":52}},"30":{"start":{"line":66,"column":20},"end":{"line":66,"column":30}},"31":{"start":{"line":78,"column":24},"end":{"line":78,"column":37}},"32":{"start":{"line":81,"column":8},"end":{"line":86,"column":9}},"33":{"start":{"line":82,"column":12},"end":{"line":85,"column":15}},"34":{"start":{"line":83,"column":32},"end":{"line":83,"column":56}},"35":{"start":{"line":84,"column":16},"end":{"line":84,"column":76}},"36":{"start":{"line":89,"column":22},"end":{"line":98,"column":9}},"37":{"start":{"line":101,"column":8},"end":{"line":105,"column":9}},"38":{"start":{"line":103,"column":23},"end":{"line":103,"column":104}},"39":{"start":{"line":104,"column":12},"end":{"line":104,"column":60}},"40":{"start":{"line":107,"column":8},"end":{"line":107,"column":32}},"41":{"start":{"line":119,"column":27},"end":{"line":119,"column":35}},"42":{"start":{"line":120,"column":23},"end":{"line":120,"column":56}},"43":{"start":{"line":121,"column":24},"end":{"line":121,"column":81}},"44":{"start":{"line":122,"column":24},"end":{"line":122,"column":66}},"45":{"start":{"line":123,"column":24},"end":{"line":123,"column":155}},"46":{"start":{"line":124,"column":23},"end":{"line":134,"column":9}},"47":{"start":{"line":137,"column":8},"end":{"line":137,"column":24}},"48":{"start":{"line":150,"column":33},"end":{"line":150,"column":35}},"49":{"start":{"line":151,"column":31},"end":{"line":151,"column":32}},"50":{"start":{"line":152,"column":28},"end":{"line":152,"column":44}},"51":{"start":{"line":153,"column":32},"end":{"line":153,"column":49}},"52":{"start":{"line":156,"column":8},"end":{"line":170,"column":11}},"53":{"start":{"line":157,"column":31},"end":{"line":157,"column":102}},"54":{"start":{"line":158,"column":36},"end":{"line":158,"column":66}},"55":{"start":{"line":159,"column":38},"end":{"line":159,"column":135}},"56":{"start":{"line":160,"column":40},"end":{"line":160,"column":139}},"57":{"start":{"line":161,"column":37},"end":{"line":161,"column":95}},"58":{"start":{"line":163,"column":12},"end":{"line":169,"column":13}},"59":{"start":{"line":164,"column":16},"end":{"line":164,"column":38}},"60":{"start":{"line":165,"column":16},"end":{"line":165,"column":47}},"61":{"start":{"line":166,"column":19},"end":{"line":169,"column":13}},"62":{"start":{"line":167,"column":16},"end":{"line":167,"column":74}},"63":{"start":{"line":167,"column":36},"end":{"line":167,"column":74}},"64":{"start":{"line":168,"column":16},"end":{"line":168,"column":49}},"65":{"start":{"line":173,"column":8},"end":{"line":177,"column":9}},"66":{"start":{"line":174,"column":12},"end":{"line":176,"column":14}},"67":{"start":{"line":180,"column":8},"end":{"line":182,"column":9}},"68":{"start":{"line":181,"column":12},"end":{"line":181,"column":143}},"69":{"start":{"line":184,"column":8},"end":{"line":184,"column":28}},"70":{"start":{"line":194,"column":16},"end":{"line":194,"column":38}},"71":{"start":{"line":195,"column":20},"end":{"line":200,"column":9}},"72":{"start":{"line":203,"column":8},"end":{"line":205,"column":11}},"73":{"start":{"line":204,"column":12},"end":{"line":204,"column":75}},"74":{"start":{"line":208,"column":8},"end":{"line":210,"column":11}},"75":{"start":{"line":209,"column":12},"end":{"line":209,"column":52}},"76":{"start":{"line":213,"column":8},"end":{"line":215,"column":11}},"77":{"start":{"line":214,"column":12},"end":{"line":214,"column":55}},"78":{"start":{"line":218,"column":8},"end":{"line":220,"column":11}},"79":{"start":{"line":219,"column":12},"end":{"line":219,"column":52}},"80":{"start":{"line":223,"column":8},"end":{"line":225,"column":11}},"81":{"start":{"line":224,"column":12},"end":{"line":224,"column":53}},"82":{"start":{"line":228,"column":8},"end":{"line":228,"column":44}},"83":{"start":{"line":229,"column":8},"end":{"line":229,"column":50}},"84":{"start":{"line":230,"column":8},"end":{"line":230,"column":44}},"85":{"start":{"line":231,"column":8},"end":{"line":231,"column":46}},"86":{"start":{"line":233,"column":8},"end":{"line":233,"column":21}},"87":{"start":{"line":242,"column":16},"end":{"line":242,"column":38}},"88":{"start":{"line":243,"column":8},"end":{"line":243,"column":46}},"89":{"start":{"line":253,"column":18},"end":{"line":253,"column":36}},"90":{"start":{"line":254,"column":8},"end":{"line":254,"column":59}},"91":{"start":{"line":264,"column":25},"end":{"line":264,"column":37}},"92":{"start":{"line":266,"column":8},"end":{"line":266,"column":63}},"93":{"start":{"line":276,"column":25},"end":{"line":276,"column":37}},"94":{"start":{"line":277,"column":8},"end":{"line":277,"column":65}},"95":{"start":{"line":288,"column":25},"end":{"line":288,"column":37}},"96":{"start":{"line":289,"column":21},"end":{"line":289,"column":26}},"97":{"start":{"line":291,"column":8},"end":{"line":300,"column":11}},"98":{"start":{"line":292,"column":12},"end":{"line":294,"column":13}},"99":{"start":{"line":293,"column":16},"end":{"line":293,"column":30}},"100":{"start":{"line":295,"column":12},"end":{"line":299,"column":13}},"101":{"start":{"line":296,"column":16},"end":{"line":298,"column":17}},"102":{"start":{"line":297,"column":20},"end":{"line":297,"column":34}},"103":{"start":{"line":302,"column":8},"end":{"line":302,"column":22}},"104":{"start":{"line":312,"column":22},"end":{"line":312,"column":56}},"105":{"start":{"line":313,"column":28},"end":{"line":313,"column":145}},"106":{"start":{"line":314,"column":27},"end":{"line":314,"column":143}},"107":{"start":{"line":316,"column":8},"end":{"line":316,"column":71}},"108":{"start":{"line":325,"column":8},"end":{"line":327,"column":9}},"109":{"start":{"line":326,"column":12},"end":{"line":326,"column":37}},"110":{"start":{"line":329,"column":8},"end":{"line":329,"column":19}},"111":{"start":{"line":338,"column":8},"end":{"line":344,"column":9}},"112":{"start":{"line":339,"column":23},"end":{"line":339,"column":25}},"113":{"start":{"line":340,"column":12},"end":{"line":342,"column":13}},"114":{"start":{"line":341,"column":16},"end":{"line":341,"column":47}},"115":{"start":{"line":343,"column":12},"end":{"line":343,"column":49}},"116":{"start":{"line":346,"column":8},"end":{"line":346,"column":19}},"117":{"start":{"line":350,"column":0},"end":{"line":350,"column":21}}},"fnMap":{"0":{"name":"(anonymous_0)","decl":{"start":{"line":10,"column":17},"end":{"line":10,"column":18}},"loc":{"start":{"line":10,"column":55},"end":{"line":69,"column":5}},"line":10},"1":{"name":"(anonymous_1)","decl":{"start":{"line":14,"column":27},"end":{"line":14,"column":28}},"loc":{"start":{"line":14,"column":40},"end":{"line":68,"column":9}},"line":14},"2":{"name":"(anonymous_2)","decl":{"start":{"line":16,"column":22},"end":{"line":16,"column":23}},"loc":{"start":{"line":16,"column":36},"end":{"line":18,"column":17}},"line":16},"3":{"name":"(anonymous_3)","decl":{"start":{"line":19,"column":23},"end":{"line":19,"column":24}},"loc":{"start":{"line":19,"column":37},"end":{"line":22,"column":17}},"line":19},"4":{"name":"(anonymous_4)","decl":{"start":{"line":23,"column":25},"end":{"line":23,"column":26}},"loc":{"start":{"line":23,"column":31},"end":{"line":67,"column":17}},"line":23},"5":{"name":"(anonymous_5)","decl":{"start":{"line":43,"column":144},"end":{"line":43,"column":145}},"loc":{"start":{"line":44,"column":28},"end":{"line":44,"column":57}},"line":44},"6":{"name":"(anonymous_6)","decl":{"start":{"line":77,"column":15},"end":{"line":77,"column":16}},"loc":{"start":{"line":77,"column":36},"end":{"line":108,"column":5}},"line":77},"7":{"name":"(anonymous_7)","decl":{"start":{"line":82,"column":35},"end":{"line":82,"column":36}},"loc":{"start":{"line":82,"column":47},"end":{"line":85,"column":13}},"line":82},"8":{"name":"(anonymous_8)","decl":{"start":{"line":118,"column":19},"end":{"line":118,"column":20}},"loc":{"start":{"line":118,"column":60},"end":{"line":138,"column":5}},"line":118},"9":{"name":"(anonymous_9)","decl":{"start":{"line":149,"column":21},"end":{"line":149,"column":22}},"loc":{"start":{"line":149,"column":88},"end":{"line":185,"column":5}},"line":149},"10":{"name":"(anonymous_10)","decl":{"start":{"line":156,"column":26},"end":{"line":156,"column":27}},"loc":{"start":{"line":156,"column":35},"end":{"line":170,"column":9}},"line":156},"11":{"name":"(anonymous_11)","decl":{"start":{"line":193,"column":22},"end":{"line":193,"column":23}},"loc":{"start":{"line":193,"column":45},"end":{"line":234,"column":5}},"line":193},"12":{"name":"(anonymous_12)","decl":{"start":{"line":203,"column":31},"end":{"line":203,"column":32}},"loc":{"start":{"line":203,"column":52},"end":{"line":205,"column":9}},"line":203},"13":{"name":"(anonymous_13)","decl":{"start":{"line":208,"column":34},"end":{"line":208,"column":35}},"loc":{"start":{"line":208,"column":55},"end":{"line":210,"column":9}},"line":208},"14":{"name":"(anonymous_14)","decl":{"start":{"line":213,"column":37},"end":{"line":213,"column":38}},"loc":{"start":{"line":213,"column":58},"end":{"line":215,"column":9}},"line":213},"15":{"name":"(anonymous_15)","decl":{"start":{"line":218,"column":34},"end":{"line":218,"column":35}},"loc":{"start":{"line":218,"column":55},"end":{"line":220,"column":9}},"line":218},"16":{"name":"(anonymous_16)","decl":{"start":{"line":223,"column":31},"end":{"line":223,"column":32}},"loc":{"start":{"line":223,"column":52},"end":{"line":225,"column":9}},"line":223},"17":{"name":"(anonymous_17)","decl":{"start":{"line":241,"column":18},"end":{"line":241,"column":19}},"loc":{"start":{"line":241,"column":32},"end":{"line":244,"column":5}},"line":241},"18":{"name":"(anonymous_18)","decl":{"start":{"line":252,"column":14},"end":{"line":252,"column":15}},"loc":{"start":{"line":252,"column":37},"end":{"line":255,"column":5}},"line":252},"19":{"name":"(anonymous_19)","decl":{"start":{"line":263,"column":18},"end":{"line":263,"column":19}},"loc":{"start":{"line":263,"column":36},"end":{"line":267,"column":5}},"line":263},"20":{"name":"(anonymous_20)","decl":{"start":{"line":275,"column":16},"end":{"line":275,"column":17}},"loc":{"start":{"line":275,"column":36},"end":{"line":278,"column":5}},"line":275},"21":{"name":"(anonymous_21)","decl":{"start":{"line":287,"column":19},"end":{"line":287,"column":20}},"loc":{"start":{"line":287,"column":49},"end":{"line":303,"column":5}},"line":287},"22":{"name":"(anonymous_22)","decl":{"start":{"line":291,"column":26},"end":{"line":291,"column":27}},"loc":{"start":{"line":291,"column":36},"end":{"line":300,"column":9}},"line":291},"23":{"name":"(anonymous_23)","decl":{"start":{"line":311,"column":27},"end":{"line":311,"column":28}},"loc":{"start":{"line":311,"column":51},"end":{"line":317,"column":5}},"line":311},"24":{"name":"(anonymous_24)","decl":{"start":{"line":324,"column":15},"end":{"line":324,"column":16}},"loc":{"start":{"line":324,"column":24},"end":{"line":330,"column":5}},"line":324},"25":{"name":"(anonymous_25)","decl":{"start":{"line":337,"column":14},"end":{"line":337,"column":15}},"loc":{"start":{"line":337,"column":23},"end":{"line":347,"column":5}},"line":337}},"branchMap":{"0":{"loc":{"start":{"line":28,"column":20},"end":{"line":30,"column":21}},"type":"if","locations":[{"start":{"line":28,"column":20},"end":{"line":30,"column":21}},{"start":{"line":28,"column":20},"end":{"line":30,"column":21}}],"line":28},"1":{"loc":{"start":{"line":33,"column":20},"end":{"line":35,"column":21}},"type":"if","locations":[{"start":{"line":33,"column":20},"end":{"line":35,"column":21}},{"start":{"line":33,"column":20},"end":{"line":35,"column":21}}],"line":33},"2":{"loc":{"start":{"line":33,"column":24},"end":{"line":33,"column":107}},"type":"binary-expr","locations":[{"start":{"line":33,"column":24},"end":{"line":33,"column":80}},{"start":{"line":33,"column":84},"end":{"line":33,"column":107}}],"line":33},"3":{"loc":{"start":{"line":41,"column":20},"end":{"line":46,"column":21}},"type":"if","locations":[{"start":{"line":41,"column":20},"end":{"line":46,"column":21}},{"start":{"line":41,"column":20},"end":{"line":46,"column":21}}],"line":41},"4":{"loc":{"start":{"line":61,"column":20},"end":{"line":63,"column":21}},"type":"if","locations":[{"start":{"line":61,"column":20},"end":{"line":63,"column":21}},{"start":{"line":61,"column":20},"end":{"line":63,"column":21}}],"line":61},"5":{"loc":{"start":{"line":61,"column":24},"end":{"line":61,"column":106}},"type":"binary-expr","locations":[{"start":{"line":61,"column":24},"end":{"line":61,"column":74}},{"start":{"line":61,"column":78},"end":{"line":61,"column":106}}],"line":61},"6":{"loc":{"start":{"line":81,"column":8},"end":{"line":86,"column":9}},"type":"if","locations":[{"start":{"line":81,"column":8},"end":{"line":86,"column":9}},{"start":{"line":81,"column":8},"end":{"line":86,"column":9}}],"line":81},"7":{"loc":{"start":{"line":81,"column":12},"end":{"line":81,"column":53}},"type":"binary-expr","locations":[{"start":{"line":81,"column":12},"end":{"line":81,"column":33}},{"start":{"line":81,"column":37},"end":{"line":81,"column":53}}],"line":81},"8":{"loc":{"start":{"line":101,"column":8},"end":{"line":105,"column":9}},"type":"if","locations":[{"start":{"line":101,"column":8},"end":{"line":105,"column":9}},{"start":{"line":101,"column":8},"end":{"line":105,"column":9}}],"line":101},"9":{"loc":{"start":{"line":120,"column":23},"end":{"line":120,"column":56}},"type":"binary-expr","locations":[{"start":{"line":120,"column":23},"end":{"line":120,"column":36}},{"start":{"line":120,"column":40},"end":{"line":120,"column":56}}],"line":120},"10":{"loc":{"start":{"line":121,"column":24},"end":{"line":121,"column":81}},"type":"cond-expr","locations":[{"start":{"line":121,"column":35},"end":{"line":121,"column":74}},{"start":{"line":121,"column":77},"end":{"line":121,"column":81}}],"line":121},"11":{"loc":{"start":{"line":122,"column":24},"end":{"line":122,"column":66}},"type":"cond-expr","locations":[{"start":{"line":122,"column":35},"end":{"line":122,"column":61}},{"start":{"line":122,"column":64},"end":{"line":122,"column":66}}],"line":122},"12":{"loc":{"start":{"line":123,"column":24},"end":{"line":123,"column":155}},"type":"cond-expr","locations":[{"start":{"line":123,"column":35},"end":{"line":123,"column":146}},{"start":{"line":123,"column":150},"end":{"line":123,"column":155}}],"line":123},"13":{"loc":{"start":{"line":123,"column":35},"end":{"line":123,"column":146}},"type":"cond-expr","locations":[{"start":{"line":123,"column":117},"end":{"line":123,"column":133}},{"start":{"line":123,"column":136},"end":{"line":123,"column":146}}],"line":123},"14":{"loc":{"start":{"line":123,"column":35},"end":{"line":123,"column":114}},"type":"binary-expr","locations":[{"start":{"line":123,"column":35},"end":{"line":123,"column":92}},{"start":{"line":123,"column":96},"end":{"line":123,"column":114}}],"line":123},"15":{"loc":{"start":{"line":129,"column":19},"end":{"line":129,"column":49}},"type":"cond-expr","locations":[{"start":{"line":129,"column":31},"end":{"line":129,"column":44}},{"start":{"line":129,"column":47},"end":{"line":129,"column":49}}],"line":129},"16":{"loc":{"start":{"line":130,"column":20},"end":{"line":130,"column":53}},"type":"cond-expr","locations":[{"start":{"line":130,"column":32},"end":{"line":130,"column":48}},{"start":{"line":130,"column":51},"end":{"line":130,"column":53}}],"line":130},"17":{"loc":{"start":{"line":131,"column":17},"end":{"line":131,"column":47}},"type":"cond-expr","locations":[{"start":{"line":131,"column":29},"end":{"line":131,"column":42}},{"start":{"line":131,"column":45},"end":{"line":131,"column":47}}],"line":131},"18":{"loc":{"start":{"line":132,"column":18},"end":{"line":132,"column":49}},"type":"cond-expr","locations":[{"start":{"line":132,"column":30},"end":{"line":132,"column":44}},{"start":{"line":132,"column":47},"end":{"line":132,"column":49}}],"line":132},"19":{"loc":{"start":{"line":157,"column":31},"end":{"line":157,"column":102}},"type":"cond-expr","locations":[{"start":{"line":157,"column":49},"end":{"line":157,"column":81}},{"start":{"line":157,"column":84},"end":{"line":157,"column":102}}],"line":157},"20":{"loc":{"start":{"line":159,"column":38},"end":{"line":159,"column":135}},"type":"cond-expr","locations":[{"start":{"line":159,"column":75},"end":{"line":159,"column":128}},{"start":{"line":159,"column":131},"end":{"line":159,"column":135}}],"line":159},"21":{"loc":{"start":{"line":160,"column":40},"end":{"line":160,"column":139}},"type":"cond-expr","locations":[{"start":{"line":160,"column":79},"end":{"line":160,"column":132}},{"start":{"line":160,"column":135},"end":{"line":160,"column":139}}],"line":160},"22":{"loc":{"start":{"line":163,"column":12},"end":{"line":169,"column":13}},"type":"if","locations":[{"start":{"line":163,"column":12},"end":{"line":169,"column":13}},{"start":{"line":163,"column":12},"end":{"line":169,"column":13}}],"line":163},"23":{"loc":{"start":{"line":163,"column":16},"end":{"line":163,"column":104}},"type":"binary-expr","locations":[{"start":{"line":163,"column":16},"end":{"line":163,"column":34}},{"start":{"line":163,"column":38},"end":{"line":163,"column":57}},{"start":{"line":163,"column":61},"end":{"line":163,"column":82}},{"start":{"line":163,"column":86},"end":{"line":163,"column":104}}],"line":163},"24":{"loc":{"start":{"line":166,"column":19},"end":{"line":169,"column":13}},"type":"if","locations":[{"start":{"line":166,"column":19},"end":{"line":169,"column":13}},{"start":{"line":166,"column":19},"end":{"line":169,"column":13}}],"line":166},"25":{"loc":{"start":{"line":167,"column":16},"end":{"line":167,"column":74}},"type":"if","locations":[{"start":{"line":167,"column":16},"end":{"line":167,"column":74}},{"start":{"line":167,"column":16},"end":{"line":167,"column":74}}],"line":167},"26":{"loc":{"start":{"line":173,"column":8},"end":{"line":177,"column":9}},"type":"if","locations":[{"start":{"line":173,"column":8},"end":{"line":177,"column":9}},{"start":{"line":173,"column":8},"end":{"line":177,"column":9}}],"line":173},"27":{"loc":{"start":{"line":175,"column":80},"end":{"line":175,"column":162}},"type":"cond-expr","locations":[{"start":{"line":175,"column":112},"end":{"line":175,"column":156}},{"start":{"line":175,"column":159},"end":{"line":175,"column":162}}],"line":175},"28":{"loc":{"start":{"line":180,"column":8},"end":{"line":182,"column":9}},"type":"if","locations":[{"start":{"line":180,"column":8},"end":{"line":182,"column":9}},{"start":{"line":180,"column":8},"end":{"line":182,"column":9}}],"line":180},"29":{"loc":{"start":{"line":243,"column":15},"end":{"line":243,"column":45}},"type":"binary-expr","locations":[{"start":{"line":243,"column":15},"end":{"line":243,"column":32}},{"start":{"line":243,"column":36},"end":{"line":243,"column":45}}],"line":243},"30":{"loc":{"start":{"line":266,"column":15},"end":{"line":266,"column":62}},"type":"cond-expr","locations":[{"start":{"line":266,"column":50},"end":{"line":266,"column":54}},{"start":{"line":266,"column":57},"end":{"line":266,"column":62}}],"line":266},"31":{"loc":{"start":{"line":277,"column":15},"end":{"line":277,"column":64}},"type":"cond-expr","locations":[{"start":{"line":277,"column":52},"end":{"line":277,"column":56}},{"start":{"line":277,"column":59},"end":{"line":277,"column":64}}],"line":277},"32":{"loc":{"start":{"line":292,"column":12},"end":{"line":294,"column":13}},"type":"if","locations":[{"start":{"line":292,"column":12},"end":{"line":294,"column":13}},{"start":{"line":292,"column":12},"end":{"line":294,"column":13}}],"line":292},"33":{"loc":{"start":{"line":295,"column":12},"end":{"line":299,"column":13}},"type":"if","locations":[{"start":{"line":295,"column":12},"end":{"line":299,"column":13}},{"start":{"line":295,"column":12},"end":{"line":299,"column":13}}],"line":295},"34":{"loc":{"start":{"line":296,"column":16},"end":{"line":298,"column":17}},"type":"if","locations":[{"start":{"line":296,"column":16},"end":{"line":298,"column":17}},{"start":{"line":296,"column":16},"end":{"line":298,"column":17}}],"line":296},"35":{"loc":{"start":{"line":313,"column":28},"end":{"line":313,"column":145}},"type":"cond-expr","locations":[{"start":{"line":313,"column":67},"end":{"line":313,"column":138}},{"start":{"line":313,"column":141},"end":{"line":313,"column":145}}],"line":313},"36":{"loc":{"start":{"line":314,"column":27},"end":{"line":314,"column":143}},"type":"cond-expr","locations":[{"start":{"line":314,"column":65},"end":{"line":314,"column":135}},{"start":{"line":314,"column":138},"end":{"line":314,"column":143}}],"line":314},"37":{"loc":{"start":{"line":316,"column":15},"end":{"line":316,"column":70}},"type":"binary-expr","locations":[{"start":{"line":316,"column":15},"end":{"line":316,"column":36}},{"start":{"line":316,"column":40},"end":{"line":316,"column":53}},{"start":{"line":316,"column":57},"end":{"line":316,"column":70}}],"line":316},"38":{"loc":{"start":{"line":325,"column":8},"end":{"line":327,"column":9}},"type":"if","locations":[{"start":{"line":325,"column":8},"end":{"line":327,"column":9}},{"start":{"line":325,"column":8},"end":{"line":327,"column":9}}],"line":325},"39":{"loc":{"start":{"line":338,"column":8},"end":{"line":344,"column":9}},"type":"if","locations":[{"start":{"line":338,"column":8},"end":{"line":344,"column":9}},{"start":{"line":338,"column":8},"end":{"line":344,"column":9}}],"line":338},"40":{"loc":{"start":{"line":340,"column":12},"end":{"line":342,"column":13}},"type":"if","locations":[{"start":{"line":340,"column":12},"end":{"line":342,"column":13}},{"start":{"line":340,"column":12},"end":{"line":342,"column":13}}],"line":340}},"s":{"0":1,"1":1,"2":1,"3":1,"4":1,"5":1,"6":1,"7":0,"8":0,"9":0,"10":0,"11":0,"12":0,"13":0,"14":0,"15":0,"16":0,"17":0,"18":0,"19":0,"20":0,"21":0,"22":0,"23":0,"24":0,"25":0,"26":0,"27":0,"28":0,"29":0,"30":0,"31":0,"32":0,"33":0,"34":0,"35":0,"36":0,"37":0,"38":0,"39":0,"40":0,"41":0,"42":0,"43":0,"44":0,"45":0,"46":0,"47":0,"48":0,"49":0,"50":0,"51":0,"52":0,"53":0,"54":0,"55":0,"56":0,"57":0,"58":0,"59":0,"60":0,"61":0,"62":0,"63":0,"64":0,"65":0,"66":0,"67":0,"68":0,"69":0,"70":0,"71":0,"72":0,"73":0,"74":0,"75":0,"76":0,"77":0,"78":0,"79":0,"80":0,"81":0,"82":0,"83":0,"84":0,"85":0,"86":0,"87":0,"88":0,"89":0,"90":0,"91":0,"92":0,"93":0,"94":0,"95":20,"96":20,"97":20,"98":33,"99":10,"100":33,"101":27,"102":9,"103":20,"104":8,"105":8,"106":8,"107":8,"108":3,"109":1,"110":2,"111":3,"112":2,"113":2,"114":1,"115":2,"116":1,"117":1},"f":{"0":0,"1":0,"2":0,"3":0,"4":0,"5":0,"6":0,"7":0,"8":0,"9":0,"10":0,"11":0,"12":0,"13":0,"14":0,"15":0,"16":0,"17":0,"18":0,"19":0,"20":0,"21":20,"22":33,"23":8,"24":3,"25":3},"b":{"0":[0,0],"1":[0,0],"2":[0,0],"3":[0,0],"4":[0,0],"5":[0,0],"6":[0,0],"7":[0,0],"8":[0,0],"9":[0,0],"10":[0,0],"11":[0,0],"12":[0,0],"13":[0,0],"14":[0,0],"15":[0,0],"16":[0,0],"17":[0,0],"18":[0,0],"19":[0,0],"20":[0,0],"21":[0,0],"22":[0,0],"23":[0,0,0,0],"24":[0,0],"25":[0,0],"26":[0,0],"27":[0,0],"28":[0,0],"29":[0,0],"30":[0,0],"31":[0,0],"32":[10,23],"33":[27,6],"34":[9,18],"35":[4,4],"36":[8,0],"37":[8,7,6],"38":[1,2],"39":[2,1],"40":[1,1]},"_coverageSchema":"1a1c01bbd47fc00a2c39e90264f33305004495a9","hash":"d21d58e76408375ee2e73a8372d0e505b52489a5"}
,"C:\\Users\\mrek8\\Projekty\\Apps\\sauron\\modules\\helpers.js": {"path":"C:\\Users\\mrek8\\Projekty\\Apps\\sauron\\modules\\helpers.js","statementMap":{"0":{"start":{"line":1,"column":15},"end":{"line":1,"column":32}},"1":{"start":{"line":2,"column":11},"end":{"line":2,"column":24}},"2":{"start":{"line":3,"column":13},"end":{"line":3,"column":37}},"3":{"start":{"line":5,"column":0},"end":{"line":83,"column":2}},"4":{"start":{"line":12,"column":22},"end":{"line":12,"column":43}},"5":{"start":{"line":13,"column":21},"end":{"line":13,"column":40}},"6":{"start":{"line":14,"column":8},"end":{"line":14,"column":22}},"7":{"start":{"line":20,"column":30},"end":{"line":20,"column":61}},"8":{"start":{"line":27,"column":23},"end":{"line":27,"column":41}},"9":{"start":{"line":48,"column":16},"end":{"line":48,"column":17}},"10":{"start":{"line":49,"column":19},"end":{"line":49,"column":21}},"11":{"start":{"line":51,"column":8},"end":{"line":59,"column":9}},"12":{"start":{"line":51,"column":22},"end":{"line":51,"column":43}},"13":{"start":{"line":51,"column":51},"end":{"line":51,"column":55}},"14":{"start":{"line":52,"column":12},"end":{"line":52,"column":16}},"15":{"start":{"line":53,"column":12},"end":{"line":55,"column":13}},"16":{"start":{"line":54,"column":16},"end":{"line":54,"column":31}},"17":{"start":{"line":56,"column":12},"end":{"line":58,"column":13}},"18":{"start":{"line":57,"column":16},"end":{"line":57,"column":22}},"19":{"start":{"line":61,"column":8},"end":{"line":61,"column":20}},"20":{"start":{"line":75,"column":27},"end":{"line":75,"column":31}},"21":{"start":{"line":77,"column":8},"end":{"line":79,"column":11}},"22":{"start":{"line":78,"column":12},"end":{"line":78,"column":73}},"23":{"start":{"line":81,"column":8},"end":{"line":81,"column":28}}},"fnMap":{"0":{"name":"(anonymous_0)","decl":{"start":{"line":11,"column":20},"end":{"line":11,"column":21}},"loc":{"start":{"line":11,"column":30},"end":{"line":15,"column":5}},"line":11},"1":{"name":"(anonymous_1)","decl":{"start":{"line":20,"column":18},"end":{"line":20,"column":19}},"loc":{"start":{"line":20,"column":30},"end":{"line":20,"column":61}},"line":20},"2":{"name":"(anonymous_2)","decl":{"start":{"line":27,"column":14},"end":{"line":27,"column":15}},"loc":{"start":{"line":27,"column":23},"end":{"line":27,"column":41}},"line":27},"3":{"name":"(anonymous_3)","decl":{"start":{"line":33,"column":25},"end":{"line":33,"column":26}},"loc":{"start":{"line":33,"column":38},"end":{"line":39,"column":5}},"line":33},"4":{"name":"(anonymous_4)","decl":{"start":{"line":47,"column":18},"end":{"line":47,"column":19}},"loc":{"start":{"line":47,"column":43},"end":{"line":62,"column":5}},"line":47},"5":{"name":"(anonymous_5)","decl":{"start":{"line":74,"column":27},"end":{"line":74,"column":28}},"loc":{"start":{"line":74,"column":79},"end":{"line":82,"column":5}},"line":74},"6":{"name":"(anonymous_6)","decl":{"start":{"line":77,"column":21},"end":{"line":77,"column":22}},"loc":{"start":{"line":77,"column":30},"end":{"line":79,"column":9}},"line":77}},"branchMap":{"0":{"loc":{"start":{"line":53,"column":12},"end":{"line":55,"column":13}},"type":"if","locations":[{"start":{"line":53,"column":12},"end":{"line":55,"column":13}},{"start":{"line":53,"column":12},"end":{"line":55,"column":13}}],"line":53},"1":{"loc":{"start":{"line":56,"column":12},"end":{"line":58,"column":13}},"type":"if","locations":[{"start":{"line":56,"column":12},"end":{"line":58,"column":13}},{"start":{"line":56,"column":12},"end":{"line":58,"column":13}}],"line":56}},"s":{"0":3,"1":3,"2":3,"3":3,"4":2,"5":2,"6":2,"7":4,"8":1,"9":4,"10":4,"11":4,"12":4,"13":4,"14":10,"15":10,"16":6,"17":10,"18":4,"19":4,"20":2,"21":2,"22":3,"23":2},"f":{"0":2,"1":4,"2":1,"3":0,"4":4,"5":2,"6":3},"b":{"0":[6,4],"1":[4,6]},"_coverageSchema":"1a1c01bbd47fc00a2c39e90264f33305004495a9","hash":"58473e3e9cdac4e56c589652147a4f7c6f09f12e"}
}
