TN:
SF:modules\appData.js
FN:9,(anonymous_0)
FN:30,(anonymous_1)
FNF:2
FNH:2
FNDA:2,(anonymous_0)
FNDA:1,(anonymous_1)
DA:9,1
DA:10,2
DA:30,1
DA:31,1
DA:32,1
DA:33,1
DA:34,1
DA:36,1
DA:39,1
LF:9
LH:9
BRDA:17,0,0,1
BRDA:17,0,1,1
BRDA:21,1,0,2
BRDA:21,1,1,1
BRF:4
BRH:4
end_of_record
TN:
SF:modules\crawling.js
FN:10,(anonymous_0)
FN:14,(anonymous_1)
FN:16,(anonymous_2)
FN:19,(anonymous_3)
FN:23,(anonymous_4)
FN:43,(anonymous_5)
FN:77,(anonymous_6)
FN:82,(anonymous_7)
FN:118,(anonymous_8)
FN:149,(anonymous_9)
FN:156,(anonymous_10)
FN:193,(anonymous_11)
FN:203,(anonymous_12)
FN:208,(anonymous_13)
FN:213,(anonymous_14)
FN:218,(anonymous_15)
FN:223,(anonymous_16)
FN:241,(anonymous_17)
FN:252,(anonymous_18)
FN:263,(anonymous_19)
FN:275,(anonymous_20)
FN:287,(anonymous_21)
FN:291,(anonymous_22)
FN:311,(anonymous_23)
FN:324,(anonymous_24)
FN:337,(anonymous_25)
FNF:26
FNH:2
FNDA:0,(anonymous_0)
FNDA:0,(anonymous_1)
FNDA:0,(anonymous_2)
FNDA:0,(anonymous_3)
FNDA:0,(anonymous_4)
FNDA:0,(anonymous_5)
FNDA:0,(anonymous_6)
FNDA:0,(anonymous_7)
FNDA:0,(anonymous_8)
FNDA:0,(anonymous_9)
FNDA:0,(anonymous_10)
FNDA:0,(anonymous_11)
FNDA:0,(anonymous_12)
FNDA:0,(anonymous_13)
FNDA:0,(anonymous_14)
FNDA:0,(anonymous_15)
FNDA:0,(anonymous_16)
FNDA:0,(anonymous_17)
FNDA:0,(anonymous_18)
FNDA:0,(anonymous_19)
FNDA:0,(anonymous_20)
FNDA:0,(anonymous_21)
FNDA:0,(anonymous_22)
FNDA:0,(anonymous_23)
FNDA:3,(anonymous_24)
FNDA:3,(anonymous_25)
DA:1,1
DA:2,1
DA:3,1
DA:4,1
DA:5,1
DA:6,1
DA:8,1
DA:12,0
DA:14,0
DA:15,0
DA:17,0
DA:20,0
DA:21,0
DA:25,0
DA:28,0
DA:29,0
DA:33,0
DA:34,0
DA:38,0
DA:41,0
DA:43,0
DA:44,0
DA:49,0
DA:52,0
DA:55,0
DA:56,0
DA:57,0
DA:58,0
DA:61,0
DA:62,0
DA:66,0
DA:78,0
DA:81,0
DA:82,0
DA:83,0
DA:84,0
DA:89,0
DA:101,0
DA:103,0
DA:104,0
DA:107,0
DA:119,0
DA:120,0
DA:121,0
DA:122,0
DA:123,0
DA:124,0
DA:137,0
DA:150,0
DA:151,0
DA:152,0
DA:153,0
DA:156,0
DA:157,0
DA:158,0
DA:159,0
DA:160,0
DA:161,0
DA:163,0
DA:164,0
DA:165,0
DA:166,0
DA:167,0
DA:168,0
DA:173,0
DA:174,0
DA:180,0
DA:181,0
DA:184,0
DA:194,0
DA:195,0
DA:203,0
DA:204,0
DA:208,0
DA:209,0
DA:213,0
DA:214,0
DA:218,0
DA:219,0
DA:223,0
DA:224,0
DA:228,0
DA:229,0
DA:230,0
DA:231,0
DA:233,0
DA:242,0
DA:243,0
DA:253,0
DA:254,0
DA:264,0
DA:266,0
DA:276,0
DA:277,0
DA:288,0
DA:289,0
DA:291,0
DA:292,0
DA:293,0
DA:295,0
DA:296,0
DA:297,0
DA:302,0
DA:312,0
DA:313,0
DA:314,0
DA:316,0
DA:325,3
DA:326,1
DA:329,2
DA:338,3
DA:339,2
DA:340,2
DA:341,1
DA:343,2
DA:346,1
DA:350,1
LF:117
LH:17
BRDA:28,0,0,0
BRDA:28,0,1,0
BRDA:33,1,0,0
BRDA:33,1,1,0
BRDA:33,2,0,0
BRDA:33,2,1,0
BRDA:41,3,0,0
BRDA:41,3,1,0
BRDA:61,4,0,0
BRDA:61,4,1,0
BRDA:61,5,0,0
BRDA:61,5,1,0
BRDA:81,6,0,0
BRDA:81,6,1,0
BRDA:81,7,0,0
BRDA:81,7,1,0
BRDA:101,8,0,0
BRDA:101,8,1,0
BRDA:120,9,0,0
BRDA:120,9,1,0
BRDA:121,10,0,0
BRDA:121,10,1,0
BRDA:122,11,0,0
BRDA:122,11,1,0
BRDA:123,12,0,0
BRDA:123,12,1,0
BRDA:123,13,0,0
BRDA:123,13,1,0
BRDA:123,14,0,0
BRDA:123,14,1,0
BRDA:129,15,0,0
BRDA:129,15,1,0
BRDA:130,16,0,0
BRDA:130,16,1,0
BRDA:131,17,0,0
BRDA:131,17,1,0
BRDA:132,18,0,0
BRDA:132,18,1,0
BRDA:157,19,0,0
BRDA:157,19,1,0
BRDA:159,20,0,0
BRDA:159,20,1,0
BRDA:160,21,0,0
BRDA:160,21,1,0
BRDA:163,22,0,0
BRDA:163,22,1,0
BRDA:163,23,0,0
BRDA:163,23,1,0
BRDA:163,23,2,0
BRDA:163,23,3,0
BRDA:166,24,0,0
BRDA:166,24,1,0
BRDA:167,25,0,0
BRDA:167,25,1,0
BRDA:173,26,0,0
BRDA:173,26,1,0
BRDA:175,27,0,0
BRDA:175,27,1,0
BRDA:180,28,0,0
BRDA:180,28,1,0
BRDA:243,29,0,0
BRDA:243,29,1,0
BRDA:266,30,0,0
BRDA:266,30,1,0
BRDA:277,31,0,0
BRDA:277,31,1,0
BRDA:292,32,0,0
BRDA:292,32,1,0
BRDA:295,33,0,0
BRDA:295,33,1,0
BRDA:296,34,0,0
BRDA:296,34,1,0
BRDA:313,35,0,0
BRDA:313,35,1,0
BRDA:314,36,0,0
BRDA:314,36,1,0
BRDA:316,37,0,0
BRDA:316,37,1,0
BRDA:316,37,2,0
BRDA:325,38,0,1
BRDA:325,38,1,2
BRDA:338,39,0,2
BRDA:338,39,1,1
BRDA:340,40,0,1
BRDA:340,40,1,1
BRF:85
BRH:6
end_of_record
TN:
SF:modules\helpers.js
FN:11,(anonymous_0)
FN:20,(anonymous_1)
FN:27,(anonymous_2)
FN:33,(anonymous_3)
FN:47,(anonymous_4)
FN:74,(anonymous_5)
FN:77,(anonymous_6)
FNF:7
FNH:6
FNDA:2,(anonymous_0)
FNDA:4,(anonymous_1)
FNDA:1,(anonymous_2)
FNDA:0,(anonymous_3)
FNDA:4,(anonymous_4)
FNDA:2,(anonymous_5)
FNDA:3,(anonymous_6)
DA:1,3
DA:2,3
DA:3,3
DA:5,3
DA:12,2
DA:13,2
DA:14,2
DA:20,4
DA:27,1
DA:48,4
DA:49,4
DA:51,4
DA:52,10
DA:53,10
DA:54,6
DA:56,10
DA:57,4
DA:61,4
DA:75,2
DA:77,2
DA:78,3
DA:81,2
LF:22
LH:22
BRDA:53,0,0,6
BRDA:53,0,1,4
BRDA:56,1,0,4
BRDA:56,1,1,6
BRF:4
BRH:4
end_of_record
